2021.10.27 22:21 B C:\Users\DAVID\Desktop\DORM WORLD new\DORM WORLD\images\bad.png --> ftp.dorm.com.ng /public_html/DORM WORLD/images bad.png
2021.10.27 22:21 B C:\Users\DAVID\Desktop\DORM WORLD new\DORM WORLD\images\cart3.svg --> ftp.dorm.com.ng /public_html/DORM WORLD/images cart3.svg
2021.10.27 22:21 B C:\Users\DAVID\Desktop\DORM WORLD new\DORM WORLD\images\course_info.svg --> ftp.dorm.com.ng /public_html/DORM WORLD/images course_info.svg
2021.10.27 22:21 B C:\Users\DAVID\Desktop\DORM WORLD new\DORM WORLD\images\course_review_black.svg --> ftp.dorm.com.ng /public_html/DORM WORLD/images course_review_black.svg
2021.10.27 22:21 B C:\Users\DAVID\Desktop\DORM WORLD new\DORM WORLD\images\course_review_white.svg --> ftp.dorm.com.ng /public_html/DORM WORLD/images course_review_white.svg
2021.10.27 22:21 B C:\Users\DAVID\Desktop\DORM WORLD new\DORM WORLD\images\dorm_icon.png --> ftp.dorm.com.ng /public_html/DORM WORLD/images dorm_icon.png
2021.10.27 22:21 B C:\Users\DAVID\Desktop\DORM WORLD new\DORM WORLD\images\dorm_logo.svg --> ftp.dorm.com.ng /public_html/DORM WORLD/images dorm_logo.svg
2021.10.27 22:21 B C:\Users\DAVID\Desktop\DORM WORLD new\DORM WORLD\images\dorm_no_bg.png --> ftp.dorm.com.ng /public_html/DORM WORLD/images dorm_no_bg.png
2021.10.27 22:21 B C:\Users\DAVID\Desktop\DORM WORLD new\DORM WORLD\images\dormicon_black.svg --> ftp.dorm.com.ng /public_html/DORM WORLD/images dormicon_black.svg
2021.10.27 22:21 B C:\Users\DAVID\Desktop\DORM WORLD new\DORM WORLD\images\dormicon_blue.svg --> ftp.dorm.com.ng /public_html/DORM WORLD/images dormicon_blue.svg
2021.10.27 22:21 B C:\Users\DAVID\Desktop\DORM WORLD new\DORM WORLD\images\down_arrow.svg --> ftp.dorm.com.ng /public_html/DORM WORLD/images down_arrow.svg
2021.10.27 22:21 B C:\Users\DAVID\Desktop\DORM WORLD new\DORM WORLD\images\dp_grey.svg --> ftp.dorm.com.ng /public_html/DORM WORLD/images dp_grey.svg
2021.10.27 22:21 B C:\Users\DAVID\Desktop\DORM WORLD new\DORM WORLD\images\former.svg --> ftp.dorm.com.ng /public_html/DORM WORLD/images former.svg
2021.10.27 22:21 B C:\Users\DAVID\Desktop\DORM WORLD new\DORM WORLD\images\good.png --> ftp.dorm.com.ng /public_html/DORM WORLD/images good.png
2021.10.27 22:21 B C:\Users\DAVID\Desktop\DORM WORLD new\DORM WORLD\images\gpa_calc.svg --> ftp.dorm.com.ng /public_html/DORM WORLD/images gpa_calc.svg
2021.10.27 22:21 B C:\Users\DAVID\Desktop\DORM WORLD new\DORM WORLD\images\help_black.svg --> ftp.dorm.com.ng /public_html/DORM WORLD/images help_black.svg
2021.10.27 22:21 B C:\Users\DAVID\Desktop\DORM WORLD new\DORM WORLD\images\house.svg --> ftp.dorm.com.ng /public_html/DORM WORLD/images house.svg
2021.10.27 22:23 B C:\Users\DAVID\Desktop\DORM WORLD new\DORM WORLD\images\image.jpg --> ftp.dorm.com.ng /public_html/DORM WORLD/images image.jpg
2021.10.27 22:23 B C:\Users\DAVID\Desktop\DORM WORLD new\DORM WORLD\images\image_blue.svg --> ftp.dorm.com.ng /public_html/DORM WORLD/images image_blue.svg
2021.10.27 22:23 B C:\Users\DAVID\Desktop\DORM WORLD new\DORM WORLD\images\key_black.svg --> ftp.dorm.com.ng /public_html/DORM WORLD/images key_black.svg
2021.10.27 22:23 B C:\Users\DAVID\Desktop\DORM WORLD new\DORM WORLD\images\library.svg --> ftp.dorm.com.ng /public_html/DORM WORLD/images library.svg
2021.10.27 22:23 B C:\Users\DAVID\Desktop\DORM WORLD new\DORM WORLD\images\microphone_blue.svg --> ftp.dorm.com.ng /public_html/DORM WORLD/images microphone_blue.svg
2021.10.27 22:23 B C:\Users\DAVID\Desktop\DORM WORLD new\DORM WORLD\images\msg_blue.svg --> ftp.dorm.com.ng /public_html/DORM WORLD/images msg_blue.svg
2021.10.27 22:23 B C:\Users\DAVID\Desktop\DORM WORLD new\DORM WORLD\images\note_book.svg --> ftp.dorm.com.ng /public_html/DORM WORLD/images note_book.svg
2021.10.27 22:23 B C:\Users\DAVID\Desktop\DORM WORLD new\DORM WORLD\images\note_web.svg --> ftp.dorm.com.ng /public_html/DORM WORLD/images note_web.svg
2021.10.27 22:23 B C:\Users\DAVID\Desktop\DORM WORLD new\DORM WORLD\images\plus-circle-fill.svg --> ftp.dorm.com.ng /public_html/DORM WORLD/images plus-circle-fill.svg
2021.10.27 22:23 B C:\Users\DAVID\Desktop\DORM WORLD new\DORM WORLD\images\search.png --> ftp.dorm.com.ng /public_html/DORM WORLD/images search.png
2021.10.27 22:23 B C:\Users\DAVID\Desktop\DORM WORLD new\DORM WORLD\images\search.svg --> ftp.dorm.com.ng /public_html/DORM WORLD/images search.svg
2021.10.27 22:23 B C:\Users\DAVID\Desktop\DORM WORLD new\DORM WORLD\images\settings_grey.svg --> ftp.dorm.com.ng /public_html/DORM WORLD/images settings_grey.svg
2021.10.27 22:23 B C:\Users\DAVID\Desktop\DORM WORLD new\DORM WORLD\images\studytools_white.svg --> ftp.dorm.com.ng /public_html/DORM WORLD/images studytools_white.svg
2021.10.27 22:23 B C:\Users\DAVID\Desktop\DORM WORLD new\DORM WORLD\images\texter_white.svg --> ftp.dorm.com.ng /public_html/DORM WORLD/images texter_white.svg
